<?xml version="1.0" encoding="UTF-8"?>
<!-- Generated by org.testng.reporters.JUnitReportReporter -->
<testsuite skipped="0" hostname="Ruban-PC" name="loginTestcase.Bothcorrect" tests="1" failures="0" timestamp="2020-01-28T21:04:50 IST" time="10.368" errors="0">
  <testcase name="bothcorrect" time="10.368" classname="loginTestcase.Bothcorrect"/>
</testsuite> <!-- loginTestcase.Bothcorrect -->
