<?xml version="1.0" encoding="UTF-8"?>
<!-- Generated by org.testng.reporters.JUnitReportReporter -->
<testsuite skipped="0" hostname="Ruban-PC" name="loginTestcase.Correctusername" tests="1" failures="0" timestamp="2020-01-28T21:04:50 IST" time="19.833" errors="0">
  <testcase name="correctusername" time="19.833" classname="loginTestcase.Correctusername"/>
</testsuite> <!-- loginTestcase.Correctusername -->
