<?xml version="1.0" encoding="UTF-8"?>
<!-- Generated by org.testng.reporters.JUnitReportReporter -->
<testsuite skipped="0" hostname="Ruban-PC" name="loginTestcase.Correctpassword" tests="1" failures="0" timestamp="2020-01-28T21:04:50 IST" time="11.087" errors="0">
  <testcase name="correctpassword" time="11.087" classname="loginTestcase.Correctpassword"/>
</testsuite> <!-- loginTestcase.Correctpassword -->
