<?xml version="1.0" encoding="UTF-8"?>
<!-- Generated by org.testng.reporters.JUnitReportReporter -->
<testsuite skipped="0" hostname="Ruban-PC" name="loginTestcase.login" tests="4" failures="0" timestamp="2020-01-29T20:53:38 IST" time="43.843" errors="0">
  <testcase name="loginapp" time="8.307" classname="loginTestcase.login"/>
  <testcase name="loginapp" time="9.955" classname="loginTestcase.login"/>
  <testcase name="loginapp" time="9.643" classname="loginTestcase.login"/>
  <testcase name="loginapp" time="15.938" classname="loginTestcase.login"/>
</testsuite> <!-- loginTestcase.login -->
